Grammar

    0 $accept: input "end-of-file"

    1 input: line
    2      | input line

    3 line: exp eol
    4     | error eol

    5 eol: "end-of-file"
    6    | "end-of-line"

    7 exp: "number"
    8    | "e"
    9    | exp "+" exp
   10    | exp "-" exp
   11    | exp "*" exp
   12    | exp "/" exp
   13    | "+" exp
   14    | "-" exp
   15    | "ln" exp
   16    | "string"


Terminals, with rules where they appear

    "end-of-file" (0) 0 5
    error (256) 4
    "+" (258) 9 13
    "-" (259) 10 14
    "*" (260) 11
    "/" (261) 12
    "ln" (262) 15
    "e" (263) 8
    "end-of-line" (264) 6
    "number" <float> (265) 7
    "string" <char*> (266) 16
    UNARY (267)


Nonterminals, with rules where they appear

    $accept (13)
        on left: 0
    input (14)
        on left: 1 2
        on right: 0 2
    line (15)
        on left: 3 4
        on right: 1 2
    eol (16)
        on left: 5 6
        on right: 3 4
    exp <float> (17)
        on left: 7 8 9 10 11 12 13 14 15 16
        on right: 3 9 10 11 12 13 14 15


State 0

    0 $accept: . input "end-of-file"

    error     shift, and go to state 1
    "+"       shift, and go to state 2
    "-"       shift, and go to state 3
    "ln"      shift, and go to state 4
    "e"       shift, and go to state 5
    "number"  shift, and go to state 6
    "string"  shift, and go to state 7

    input  go to state 8
    line   go to state 9
    exp    go to state 10


State 1

    4 line: error . eol

    "end-of-file"  shift, and go to state 11
    "end-of-line"  shift, and go to state 12

    eol  go to state 13


State 2

   13 exp: "+" . exp

    "+"       shift, and go to state 2
    "-"       shift, and go to state 3
    "ln"      shift, and go to state 4
    "e"       shift, and go to state 5
    "number"  shift, and go to state 6
    "string"  shift, and go to state 7

    exp  go to state 14


State 3

   14 exp: "-" . exp

    "+"       shift, and go to state 2
    "-"       shift, and go to state 3
    "ln"      shift, and go to state 4
    "e"       shift, and go to state 5
    "number"  shift, and go to state 6
    "string"  shift, and go to state 7

    exp  go to state 15


State 4

   15 exp: "ln" . exp

    "+"       shift, and go to state 2
    "-"       shift, and go to state 3
    "ln"      shift, and go to state 4
    "e"       shift, and go to state 5
    "number"  shift, and go to state 6
    "string"  shift, and go to state 7

    exp  go to state 16


State 5

    8 exp: "e" .

    $default  reduce using rule 8 (exp)


State 6

    7 exp: "number" .

    $default  reduce using rule 7 (exp)


State 7

   16 exp: "string" .

    $default  reduce using rule 16 (exp)


State 8

    0 $accept: input . "end-of-file"
    2 input: input . line

    "end-of-file"  shift, and go to state 17
    error          shift, and go to state 1
    "+"            shift, and go to state 2
    "-"            shift, and go to state 3
    "ln"           shift, and go to state 4
    "e"            shift, and go to state 5
    "number"       shift, and go to state 6
    "string"       shift, and go to state 7

    line  go to state 18
    exp   go to state 10


State 9

    1 input: line .

    $default  reduce using rule 1 (input)


State 10

    3 line: exp . eol
    9 exp: exp . "+" exp
   10    | exp . "-" exp
   11    | exp . "*" exp
   12    | exp . "/" exp

    "end-of-file"  shift, and go to state 11
    "+"            shift, and go to state 19
    "-"            shift, and go to state 20
    "*"            shift, and go to state 21
    "/"            shift, and go to state 22
    "end-of-line"  shift, and go to state 12

    eol  go to state 23


State 11

    5 eol: "end-of-file" .

    $default  reduce using rule 5 (eol)


State 12

    6 eol: "end-of-line" .

    $default  reduce using rule 6 (eol)


State 13

    4 line: error eol .

    $default  reduce using rule 4 (line)


State 14

    9 exp: exp . "+" exp
   10    | exp . "-" exp
   11    | exp . "*" exp
   12    | exp . "/" exp
   13    | "+" exp .

    $default  reduce using rule 13 (exp)


State 15

    9 exp: exp . "+" exp
   10    | exp . "-" exp
   11    | exp . "*" exp
   12    | exp . "/" exp
   14    | "-" exp .

    $default  reduce using rule 14 (exp)


State 16

    9 exp: exp . "+" exp
   10    | exp . "-" exp
   11    | exp . "*" exp
   12    | exp . "/" exp
   15    | "ln" exp .

    $default  reduce using rule 15 (exp)


State 17

    0 $accept: input "end-of-file" .

    $default  accept


State 18

    2 input: input line .

    $default  reduce using rule 2 (input)


State 19

    9 exp: exp "+" . exp

    "+"       shift, and go to state 2
    "-"       shift, and go to state 3
    "ln"      shift, and go to state 4
    "e"       shift, and go to state 5
    "number"  shift, and go to state 6
    "string"  shift, and go to state 7

    exp  go to state 24


State 20

   10 exp: exp "-" . exp

    "+"       shift, and go to state 2
    "-"       shift, and go to state 3
    "ln"      shift, and go to state 4
    "e"       shift, and go to state 5
    "number"  shift, and go to state 6
    "string"  shift, and go to state 7

    exp  go to state 25


State 21

   11 exp: exp "*" . exp

    "+"       shift, and go to state 2
    "-"       shift, and go to state 3
    "ln"      shift, and go to state 4
    "e"       shift, and go to state 5
    "number"  shift, and go to state 6
    "string"  shift, and go to state 7

    exp  go to state 26


State 22

   12 exp: exp "/" . exp

    "+"       shift, and go to state 2
    "-"       shift, and go to state 3
    "ln"      shift, and go to state 4
    "e"       shift, and go to state 5
    "number"  shift, and go to state 6
    "string"  shift, and go to state 7

    exp  go to state 27


State 23

    3 line: exp eol .

    $default  reduce using rule 3 (line)


State 24

    9 exp: exp . "+" exp
    9    | exp "+" exp .
   10    | exp . "-" exp
   11    | exp . "*" exp
   12    | exp . "/" exp

    "*"  shift, and go to state 21
    "/"  shift, and go to state 22

    $default  reduce using rule 9 (exp)


State 25

    9 exp: exp . "+" exp
   10    | exp . "-" exp
   10    | exp "-" exp .
   11    | exp . "*" exp
   12    | exp . "/" exp

    "*"  shift, and go to state 21
    "/"  shift, and go to state 22

    $default  reduce using rule 10 (exp)


State 26

    9 exp: exp . "+" exp
   10    | exp . "-" exp
   11    | exp . "*" exp
   11    | exp "*" exp .
   12    | exp . "/" exp

    $default  reduce using rule 11 (exp)


State 27

    9 exp: exp . "+" exp
   10    | exp . "-" exp
   11    | exp . "*" exp
   12    | exp . "/" exp
   12    | exp "/" exp .

    $default  reduce using rule 12 (exp)
