Grammar

    0 $accept: input "end-of-file"

    1 input: exp
    2      | line
    3      | input line

    4 line: eqtn eol
    5     | "//" eqtn eol
    6     | error eol

    7 eqtn: linestart mid allexp

    8 linestart: "y"
    9          | "f(z)"

   10 mid: "="
   11    | "<"
   12    | ">"
   13    | "<="
   14    | ">="

   15 eol: "end-of-file"
   16    | "end-of-line"

   17 allexp: exp

   18 exp: "number"
   19    | "e"
   20    | "pi"
   21    | "i"
   22    | "z"
   23    | brexp
   24    | exp "+" exp
   25    | exp "-" exp
   26    | exp "*" exp
   27    | exp "/" exp
   28    | exp "^" exp
   29    | "+" exp
   30    | "-" exp
   31    | "sqrt" "(" exp ")"
   32    | "root" "(" exp "," exp ")"
   33    | "ln" "(" exp ")"
   34    | "log" "_" "(" exp ")" "(" exp ")"
   35    | "abs" "(" exp ")"
   36    | "floor" "(" exp ")"
   37    | "ceil" "(" exp ")"
   38    | "asin" "(" exp ")"
   39    | "acos" "(" exp ")"
   40    | "atan" "(" exp ")"
   41    | "sinh" "(" exp ")"
   42    | "cosh" "(" exp ")"
   43    | "tanh" "(" exp ")"
   44    | "sech" "(" exp ")"
   45    | "csch" "(" exp ")"
   46    | "coth" "(" exp ")"
   47    | "sin" "(" exp ")"
   48    | "cos" "(" exp ")"
   49    | "tan" "(" exp ")"
   50    | "sec" "(" exp ")"
   51    | "csc" "(" exp ")"
   52    | "cot" "(" exp ")"

   53 brexp: "(" exp ")"
   54      | "(" exp ")" brexp


Terminals, with rules where they appear

    "end-of-file" (0) 0 15
    error (256) 6
    "//" (258) 5
    "+" (259) 24 29
    "-" (260) 25 30
    "*" (261) 26
    "/" (262) 27
    "^" (263) 28
    "_" (264) 34
    "sqrt" (265) 31
    "root" (266) 32
    "ln" (267) 33
    "log" (268) 34
    "e" (269) 19
    "abs" (270) 35
    "floor" (271) 36
    "ceil" (272) 37
    "asin" (273) 38
    "acos" (274) 39
    "atan" (275) 40
    "sinh" (276) 41
    "cosh" (277) 42
    "tanh" (278) 43
    "sech" (279) 44
    "csch" (280) 45
    "coth" (281) 46
    "sin" (282) 47
    "cos" (283) 48
    "tan" (284) 49
    "sec" (285) 50
    "csc" (286) 51
    "cot" (287) 52
    "pi" (288) 20
    "i" (289) 21
    "y" (290) 8
    "f(z)" (291) 9
    "=" (292) 10
    "<" (293) 11
    ">" (294) 12
    "<=" (295) 13
    ">=" (296) 14
    "z" (297) 22
    "(" (298) 31 32 33 34 35 36 37 38 39 40 41 42 43 44 45 46 47 48 49 50 51 52 53 54
    ")" (299) 31 32 33 34 35 36 37 38 39 40 41 42 43 44 45 46 47 48 49 50 51 52 53 54
    "," (300) 32
    "end-of-line" (301) 16
    "number" <cplx> (302) 18
    BINARY (303)
    UNARY (304)


Nonterminals, with rules where they appear

    $accept (50)
        on left: 0
    input (51)
        on left: 1 2 3
        on right: 0 3
    line (52)
        on left: 4 5 6
        on right: 2 3
    eqtn (53)
        on left: 7
        on right: 4 5
    linestart (54)
        on left: 8 9
        on right: 7
    mid (55)
        on left: 10 11 12 13 14
        on right: 7
    eol (56)
        on left: 15 16
        on right: 4 5 6
    allexp (57)
        on left: 17
        on right: 7
    exp (58)
        on left: 18 19 20 21 22 23 24 25 26 27 28 29 30 31 32 33 34 35 36 37 38 39 40 41 42 43 44 45 46 47 48 49 50 51 52
        on right: 1 17 24 25 26 27 28 29 30 31 32 33 34 35 36 37 38 39 40 41 42 43 44 45 46 47 48 49 50 51 52 53 54
    brexp (59)
        on left: 53 54
        on right: 23 54


State 0

    0 $accept: . input "end-of-file"

    error     shift, and go to state 1
    "//"      shift, and go to state 2
    "+"       shift, and go to state 3
    "-"       shift, and go to state 4
    "sqrt"    shift, and go to state 5
    "root"    shift, and go to state 6
    "ln"      shift, and go to state 7
    "log"     shift, and go to state 8
    "e"       shift, and go to state 9
    "abs"     shift, and go to state 10
    "floor"   shift, and go to state 11
    "ceil"    shift, and go to state 12
    "asin"    shift, and go to state 13
    "acos"    shift, and go to state 14
    "atan"    shift, and go to state 15
    "sinh"    shift, and go to state 16
    "cosh"    shift, and go to state 17
    "tanh"    shift, and go to state 18
    "sech"    shift, and go to state 19
    "csch"    shift, and go to state 20
    "coth"    shift, and go to state 21
    "sin"     shift, and go to state 22
    "cos"     shift, and go to state 23
    "tan"     shift, and go to state 24
    "sec"     shift, and go to state 25
    "csc"     shift, and go to state 26
    "cot"     shift, and go to state 27
    "pi"      shift, and go to state 28
    "i"       shift, and go to state 29
    "y"       shift, and go to state 30
    "f(z)"    shift, and go to state 31
    "z"       shift, and go to state 32
    "("       shift, and go to state 33
    "number"  shift, and go to state 34

    input      go to state 35
    line       go to state 36
    eqtn       go to state 37
    linestart  go to state 38
    exp        go to state 39
    brexp      go to state 40


State 1

    6 line: error . eol

    "end-of-file"  shift, and go to state 41
    "end-of-line"  shift, and go to state 42

    eol  go to state 43


State 2

    5 line: "//" . eqtn eol

    "y"     shift, and go to state 30
    "f(z)"  shift, and go to state 31

    eqtn       go to state 44
    linestart  go to state 38


State 3

   29 exp: "+" . exp

    "+"       shift, and go to state 3
    "-"       shift, and go to state 4
    "sqrt"    shift, and go to state 5
    "root"    shift, and go to state 6
    "ln"      shift, and go to state 7
    "log"     shift, and go to state 8
    "e"       shift, and go to state 9
    "abs"     shift, and go to state 10
    "floor"   shift, and go to state 11
    "ceil"    shift, and go to state 12
    "asin"    shift, and go to state 13
    "acos"    shift, and go to state 14
    "atan"    shift, and go to state 15
    "sinh"    shift, and go to state 16
    "cosh"    shift, and go to state 17
    "tanh"    shift, and go to state 18
    "sech"    shift, and go to state 19
    "csch"    shift, and go to state 20
    "coth"    shift, and go to state 21
    "sin"     shift, and go to state 22
    "cos"     shift, and go to state 23
    "tan"     shift, and go to state 24
    "sec"     shift, and go to state 25
    "csc"     shift, and go to state 26
    "cot"     shift, and go to state 27
    "pi"      shift, and go to state 28
    "i"       shift, and go to state 29
    "z"       shift, and go to state 32
    "("       shift, and go to state 33
    "number"  shift, and go to state 34

    exp    go to state 45
    brexp  go to state 40


State 4

   30 exp: "-" . exp

    "+"       shift, and go to state 3
    "-"       shift, and go to state 4
    "sqrt"    shift, and go to state 5
    "root"    shift, and go to state 6
    "ln"      shift, and go to state 7
    "log"     shift, and go to state 8
    "e"       shift, and go to state 9
    "abs"     shift, and go to state 10
    "floor"   shift, and go to state 11
    "ceil"    shift, and go to state 12
    "asin"    shift, and go to state 13
    "acos"    shift, and go to state 14
    "atan"    shift, and go to state 15
    "sinh"    shift, and go to state 16
    "cosh"    shift, and go to state 17
    "tanh"    shift, and go to state 18
    "sech"    shift, and go to state 19
    "csch"    shift, and go to state 20
    "coth"    shift, and go to state 21
    "sin"     shift, and go to state 22
    "cos"     shift, and go to state 23
    "tan"     shift, and go to state 24
    "sec"     shift, and go to state 25
    "csc"     shift, and go to state 26
    "cot"     shift, and go to state 27
    "pi"      shift, and go to state 28
    "i"       shift, and go to state 29
    "z"       shift, and go to state 32
    "("       shift, and go to state 33
    "number"  shift, and go to state 34

    exp    go to state 46
    brexp  go to state 40


State 5

   31 exp: "sqrt" . "(" exp ")"

    "("  shift, and go to state 47


State 6

   32 exp: "root" . "(" exp "," exp ")"

    "("  shift, and go to state 48


State 7

   33 exp: "ln" . "(" exp ")"

    "("  shift, and go to state 49


State 8

   34 exp: "log" . "_" "(" exp ")" "(" exp ")"

    "_"  shift, and go to state 50


State 9

   19 exp: "e" .

    $default  reduce using rule 19 (exp)


State 10

   35 exp: "abs" . "(" exp ")"

    "("  shift, and go to state 51


State 11

   36 exp: "floor" . "(" exp ")"

    "("  shift, and go to state 52


State 12

   37 exp: "ceil" . "(" exp ")"

    "("  shift, and go to state 53


State 13

   38 exp: "asin" . "(" exp ")"

    "("  shift, and go to state 54


State 14

   39 exp: "acos" . "(" exp ")"

    "("  shift, and go to state 55


State 15

   40 exp: "atan" . "(" exp ")"

    "("  shift, and go to state 56


State 16

   41 exp: "sinh" . "(" exp ")"

    "("  shift, and go to state 57


State 17

   42 exp: "cosh" . "(" exp ")"

    "("  shift, and go to state 58


State 18

   43 exp: "tanh" . "(" exp ")"

    "("  shift, and go to state 59


State 19

   44 exp: "sech" . "(" exp ")"

    "("  shift, and go to state 60


State 20

   45 exp: "csch" . "(" exp ")"

    "("  shift, and go to state 61


State 21

   46 exp: "coth" . "(" exp ")"

    "("  shift, and go to state 62


State 22

   47 exp: "sin" . "(" exp ")"

    "("  shift, and go to state 63


State 23

   48 exp: "cos" . "(" exp ")"

    "("  shift, and go to state 64


State 24

   49 exp: "tan" . "(" exp ")"

    "("  shift, and go to state 65


State 25

   50 exp: "sec" . "(" exp ")"

    "("  shift, and go to state 66


State 26

   51 exp: "csc" . "(" exp ")"

    "("  shift, and go to state 67


State 27

   52 exp: "cot" . "(" exp ")"

    "("  shift, and go to state 68


State 28

   20 exp: "pi" .

    $default  reduce using rule 20 (exp)


State 29

   21 exp: "i" .

    $default  reduce using rule 21 (exp)


State 30

    8 linestart: "y" .

    $default  reduce using rule 8 (linestart)


State 31

    9 linestart: "f(z)" .

    $default  reduce using rule 9 (linestart)


State 32

   22 exp: "z" .

    $default  reduce using rule 22 (exp)


State 33

   53 brexp: "(" . exp ")"
   54      | "(" . exp ")" brexp

    "+"       shift, and go to state 3
    "-"       shift, and go to state 4
    "sqrt"    shift, and go to state 5
    "root"    shift, and go to state 6
    "ln"      shift, and go to state 7
    "log"     shift, and go to state 8
    "e"       shift, and go to state 9
    "abs"     shift, and go to state 10
    "floor"   shift, and go to state 11
    "ceil"    shift, and go to state 12
    "asin"    shift, and go to state 13
    "acos"    shift, and go to state 14
    "atan"    shift, and go to state 15
    "sinh"    shift, and go to state 16
    "cosh"    shift, and go to state 17
    "tanh"    shift, and go to state 18
    "sech"    shift, and go to state 19
    "csch"    shift, and go to state 20
    "coth"    shift, and go to state 21
    "sin"     shift, and go to state 22
    "cos"     shift, and go to state 23
    "tan"     shift, and go to state 24
    "sec"     shift, and go to state 25
    "csc"     shift, and go to state 26
    "cot"     shift, and go to state 27
    "pi"      shift, and go to state 28
    "i"       shift, and go to state 29
    "z"       shift, and go to state 32
    "("       shift, and go to state 33
    "number"  shift, and go to state 34

    exp    go to state 69
    brexp  go to state 40


State 34

   18 exp: "number" .

    $default  reduce using rule 18 (exp)


State 35

    0 $accept: input . "end-of-file"
    3 input: input . line

    "end-of-file"  shift, and go to state 70
    error          shift, and go to state 1
    "//"           shift, and go to state 2
    "y"            shift, and go to state 30
    "f(z)"         shift, and go to state 31

    line       go to state 71
    eqtn       go to state 37
    linestart  go to state 38


State 36

    2 input: line .

    $default  reduce using rule 2 (input)


State 37

    4 line: eqtn . eol

    "end-of-file"  shift, and go to state 41
    "end-of-line"  shift, and go to state 42

    eol  go to state 72


State 38

    7 eqtn: linestart . mid allexp

    "="   shift, and go to state 73
    "<"   shift, and go to state 74
    ">"   shift, and go to state 75
    "<="  shift, and go to state 76
    ">="  shift, and go to state 77

    mid  go to state 78


State 39

    1 input: exp .
   24 exp: exp . "+" exp
   25    | exp . "-" exp
   26    | exp . "*" exp
   27    | exp . "/" exp
   28    | exp . "^" exp

    "+"  shift, and go to state 79
    "-"  shift, and go to state 80
    "*"  shift, and go to state 81
    "/"  shift, and go to state 82
    "^"  shift, and go to state 83

    $default  reduce using rule 1 (input)


State 40

   23 exp: brexp .

    $default  reduce using rule 23 (exp)


State 41

   15 eol: "end-of-file" .

    $default  reduce using rule 15 (eol)


State 42

   16 eol: "end-of-line" .

    $default  reduce using rule 16 (eol)


State 43

    6 line: error eol .

    $default  reduce using rule 6 (line)


State 44

    5 line: "//" eqtn . eol

    "end-of-file"  shift, and go to state 41
    "end-of-line"  shift, and go to state 42

    eol  go to state 84


State 45

   24 exp: exp . "+" exp
   25    | exp . "-" exp
   26    | exp . "*" exp
   27    | exp . "/" exp
   28    | exp . "^" exp
   29    | "+" exp .

    $default  reduce using rule 29 (exp)


State 46

   24 exp: exp . "+" exp
   25    | exp . "-" exp
   26    | exp . "*" exp
   27    | exp . "/" exp
   28    | exp . "^" exp
   30    | "-" exp .

    $default  reduce using rule 30 (exp)


State 47

   31 exp: "sqrt" "(" . exp ")"

    "+"       shift, and go to state 3
    "-"       shift, and go to state 4
    "sqrt"    shift, and go to state 5
    "root"    shift, and go to state 6
    "ln"      shift, and go to state 7
    "log"     shift, and go to state 8
    "e"       shift, and go to state 9
    "abs"     shift, and go to state 10
    "floor"   shift, and go to state 11
    "ceil"    shift, and go to state 12
    "asin"    shift, and go to state 13
    "acos"    shift, and go to state 14
    "atan"    shift, and go to state 15
    "sinh"    shift, and go to state 16
    "cosh"    shift, and go to state 17
    "tanh"    shift, and go to state 18
    "sech"    shift, and go to state 19
    "csch"    shift, and go to state 20
    "coth"    shift, and go to state 21
    "sin"     shift, and go to state 22
    "cos"     shift, and go to state 23
    "tan"     shift, and go to state 24
    "sec"     shift, and go to state 25
    "csc"     shift, and go to state 26
    "cot"     shift, and go to state 27
    "pi"      shift, and go to state 28
    "i"       shift, and go to state 29
    "z"       shift, and go to state 32
    "("       shift, and go to state 33
    "number"  shift, and go to state 34

    exp    go to state 85
    brexp  go to state 40


State 48

   32 exp: "root" "(" . exp "," exp ")"

    "+"       shift, and go to state 3
    "-"       shift, and go to state 4
    "sqrt"    shift, and go to state 5
    "root"    shift, and go to state 6
    "ln"      shift, and go to state 7
    "log"     shift, and go to state 8
    "e"       shift, and go to state 9
    "abs"     shift, and go to state 10
    "floor"   shift, and go to state 11
    "ceil"    shift, and go to state 12
    "asin"    shift, and go to state 13
    "acos"    shift, and go to state 14
    "atan"    shift, and go to state 15
    "sinh"    shift, and go to state 16
    "cosh"    shift, and go to state 17
    "tanh"    shift, and go to state 18
    "sech"    shift, and go to state 19
    "csch"    shift, and go to state 20
    "coth"    shift, and go to state 21
    "sin"     shift, and go to state 22
    "cos"     shift, and go to state 23
    "tan"     shift, and go to state 24
    "sec"     shift, and go to state 25
    "csc"     shift, and go to state 26
    "cot"     shift, and go to state 27
    "pi"      shift, and go to state 28
    "i"       shift, and go to state 29
    "z"       shift, and go to state 32
    "("       shift, and go to state 33
    "number"  shift, and go to state 34

    exp    go to state 86
    brexp  go to state 40


State 49

   33 exp: "ln" "(" . exp ")"

    "+"       shift, and go to state 3
    "-"       shift, and go to state 4
    "sqrt"    shift, and go to state 5
    "root"    shift, and go to state 6
    "ln"      shift, and go to state 7
    "log"     shift, and go to state 8
    "e"       shift, and go to state 9
    "abs"     shift, and go to state 10
    "floor"   shift, and go to state 11
    "ceil"    shift, and go to state 12
    "asin"    shift, and go to state 13
    "acos"    shift, and go to state 14
    "atan"    shift, and go to state 15
    "sinh"    shift, and go to state 16
    "cosh"    shift, and go to state 17
    "tanh"    shift, and go to state 18
    "sech"    shift, and go to state 19
    "csch"    shift, and go to state 20
    "coth"    shift, and go to state 21
    "sin"     shift, and go to state 22
    "cos"     shift, and go to state 23
    "tan"     shift, and go to state 24
    "sec"     shift, and go to state 25
    "csc"     shift, and go to state 26
    "cot"     shift, and go to state 27
    "pi"      shift, and go to state 28
    "i"       shift, and go to state 29
    "z"       shift, and go to state 32
    "("       shift, and go to state 33
    "number"  shift, and go to state 34

    exp    go to state 87
    brexp  go to state 40


State 50

   34 exp: "log" "_" . "(" exp ")" "(" exp ")"

    "("  shift, and go to state 88


State 51

   35 exp: "abs" "(" . exp ")"

    "+"       shift, and go to state 3
    "-"       shift, and go to state 4
    "sqrt"    shift, and go to state 5
    "root"    shift, and go to state 6
    "ln"      shift, and go to state 7
    "log"     shift, and go to state 8
    "e"       shift, and go to state 9
    "abs"     shift, and go to state 10
    "floor"   shift, and go to state 11
    "ceil"    shift, and go to state 12
    "asin"    shift, and go to state 13
    "acos"    shift, and go to state 14
    "atan"    shift, and go to state 15
    "sinh"    shift, and go to state 16
    "cosh"    shift, and go to state 17
    "tanh"    shift, and go to state 18
    "sech"    shift, and go to state 19
    "csch"    shift, and go to state 20
    "coth"    shift, and go to state 21
    "sin"     shift, and go to state 22
    "cos"     shift, and go to state 23
    "tan"     shift, and go to state 24
    "sec"     shift, and go to state 25
    "csc"     shift, and go to state 26
    "cot"     shift, and go to state 27
    "pi"      shift, and go to state 28
    "i"       shift, and go to state 29
    "z"       shift, and go to state 32
    "("       shift, and go to state 33
    "number"  shift, and go to state 34

    exp    go to state 89
    brexp  go to state 40


State 52

   36 exp: "floor" "(" . exp ")"

    "+"       shift, and go to state 3
    "-"       shift, and go to state 4
    "sqrt"    shift, and go to state 5
    "root"    shift, and go to state 6
    "ln"      shift, and go to state 7
    "log"     shift, and go to state 8
    "e"       shift, and go to state 9
    "abs"     shift, and go to state 10
    "floor"   shift, and go to state 11
    "ceil"    shift, and go to state 12
    "asin"    shift, and go to state 13
    "acos"    shift, and go to state 14
    "atan"    shift, and go to state 15
    "sinh"    shift, and go to state 16
    "cosh"    shift, and go to state 17
    "tanh"    shift, and go to state 18
    "sech"    shift, and go to state 19
    "csch"    shift, and go to state 20
    "coth"    shift, and go to state 21
    "sin"     shift, and go to state 22
    "cos"     shift, and go to state 23
    "tan"     shift, and go to state 24
    "sec"     shift, and go to state 25
    "csc"     shift, and go to state 26
    "cot"     shift, and go to state 27
    "pi"      shift, and go to state 28
    "i"       shift, and go to state 29
    "z"       shift, and go to state 32
    "("       shift, and go to state 33
    "number"  shift, and go to state 34

    exp    go to state 90
    brexp  go to state 40


State 53

   37 exp: "ceil" "(" . exp ")"

    "+"       shift, and go to state 3
    "-"       shift, and go to state 4
    "sqrt"    shift, and go to state 5
    "root"    shift, and go to state 6
    "ln"      shift, and go to state 7
    "log"     shift, and go to state 8
    "e"       shift, and go to state 9
    "abs"     shift, and go to state 10
    "floor"   shift, and go to state 11
    "ceil"    shift, and go to state 12
    "asin"    shift, and go to state 13
    "acos"    shift, and go to state 14
    "atan"    shift, and go to state 15
    "sinh"    shift, and go to state 16
    "cosh"    shift, and go to state 17
    "tanh"    shift, and go to state 18
    "sech"    shift, and go to state 19
    "csch"    shift, and go to state 20
    "coth"    shift, and go to state 21
    "sin"     shift, and go to state 22
    "cos"     shift, and go to state 23
    "tan"     shift, and go to state 24
    "sec"     shift, and go to state 25
    "csc"     shift, and go to state 26
    "cot"     shift, and go to state 27
    "pi"      shift, and go to state 28
    "i"       shift, and go to state 29
    "z"       shift, and go to state 32
    "("       shift, and go to state 33
    "number"  shift, and go to state 34

    exp    go to state 91
    brexp  go to state 40


State 54

   38 exp: "asin" "(" . exp ")"

    "+"       shift, and go to state 3
    "-"       shift, and go to state 4
    "sqrt"    shift, and go to state 5
    "root"    shift, and go to state 6
    "ln"      shift, and go to state 7
    "log"     shift, and go to state 8
    "e"       shift, and go to state 9
    "abs"     shift, and go to state 10
    "floor"   shift, and go to state 11
    "ceil"    shift, and go to state 12
    "asin"    shift, and go to state 13
    "acos"    shift, and go to state 14
    "atan"    shift, and go to state 15
    "sinh"    shift, and go to state 16
    "cosh"    shift, and go to state 17
    "tanh"    shift, and go to state 18
    "sech"    shift, and go to state 19
    "csch"    shift, and go to state 20
    "coth"    shift, and go to state 21
    "sin"     shift, and go to state 22
    "cos"     shift, and go to state 23
    "tan"     shift, and go to state 24
    "sec"     shift, and go to state 25
    "csc"     shift, and go to state 26
    "cot"     shift, and go to state 27
    "pi"      shift, and go to state 28
    "i"       shift, and go to state 29
    "z"       shift, and go to state 32
    "("       shift, and go to state 33
    "number"  shift, and go to state 34

    exp    go to state 92
    brexp  go to state 40


State 55

   39 exp: "acos" "(" . exp ")"

    "+"       shift, and go to state 3
    "-"       shift, and go to state 4
    "sqrt"    shift, and go to state 5
    "root"    shift, and go to state 6
    "ln"      shift, and go to state 7
    "log"     shift, and go to state 8
    "e"       shift, and go to state 9
    "abs"     shift, and go to state 10
    "floor"   shift, and go to state 11
    "ceil"    shift, and go to state 12
    "asin"    shift, and go to state 13
    "acos"    shift, and go to state 14
    "atan"    shift, and go to state 15
    "sinh"    shift, and go to state 16
    "cosh"    shift, and go to state 17
    "tanh"    shift, and go to state 18
    "sech"    shift, and go to state 19
    "csch"    shift, and go to state 20
    "coth"    shift, and go to state 21
    "sin"     shift, and go to state 22
    "cos"     shift, and go to state 23
    "tan"     shift, and go to state 24
    "sec"     shift, and go to state 25
    "csc"     shift, and go to state 26
    "cot"     shift, and go to state 27
    "pi"      shift, and go to state 28
    "i"       shift, and go to state 29
    "z"       shift, and go to state 32
    "("       shift, and go to state 33
    "number"  shift, and go to state 34

    exp    go to state 93
    brexp  go to state 40


State 56

   40 exp: "atan" "(" . exp ")"

    "+"       shift, and go to state 3
    "-"       shift, and go to state 4
    "sqrt"    shift, and go to state 5
    "root"    shift, and go to state 6
    "ln"      shift, and go to state 7
    "log"     shift, and go to state 8
    "e"       shift, and go to state 9
    "abs"     shift, and go to state 10
    "floor"   shift, and go to state 11
    "ceil"    shift, and go to state 12
    "asin"    shift, and go to state 13
    "acos"    shift, and go to state 14
    "atan"    shift, and go to state 15
    "sinh"    shift, and go to state 16
    "cosh"    shift, and go to state 17
    "tanh"    shift, and go to state 18
    "sech"    shift, and go to state 19
    "csch"    shift, and go to state 20
    "coth"    shift, and go to state 21
    "sin"     shift, and go to state 22
    "cos"     shift, and go to state 23
    "tan"     shift, and go to state 24
    "sec"     shift, and go to state 25
    "csc"     shift, and go to state 26
    "cot"     shift, and go to state 27
    "pi"      shift, and go to state 28
    "i"       shift, and go to state 29
    "z"       shift, and go to state 32
    "("       shift, and go to state 33
    "number"  shift, and go to state 34

    exp    go to state 94
    brexp  go to state 40


State 57

   41 exp: "sinh" "(" . exp ")"

    "+"       shift, and go to state 3
    "-"       shift, and go to state 4
    "sqrt"    shift, and go to state 5
    "root"    shift, and go to state 6
    "ln"      shift, and go to state 7
    "log"     shift, and go to state 8
    "e"       shift, and go to state 9
    "abs"     shift, and go to state 10
    "floor"   shift, and go to state 11
    "ceil"    shift, and go to state 12
    "asin"    shift, and go to state 13
    "acos"    shift, and go to state 14
    "atan"    shift, and go to state 15
    "sinh"    shift, and go to state 16
    "cosh"    shift, and go to state 17
    "tanh"    shift, and go to state 18
    "sech"    shift, and go to state 19
    "csch"    shift, and go to state 20
    "coth"    shift, and go to state 21
    "sin"     shift, and go to state 22
    "cos"     shift, and go to state 23
    "tan"     shift, and go to state 24
    "sec"     shift, and go to state 25
    "csc"     shift, and go to state 26
    "cot"     shift, and go to state 27
    "pi"      shift, and go to state 28
    "i"       shift, and go to state 29
    "z"       shift, and go to state 32
    "("       shift, and go to state 33
    "number"  shift, and go to state 34

    exp    go to state 95
    brexp  go to state 40


State 58

   42 exp: "cosh" "(" . exp ")"

    "+"       shift, and go to state 3
    "-"       shift, and go to state 4
    "sqrt"    shift, and go to state 5
    "root"    shift, and go to state 6
    "ln"      shift, and go to state 7
    "log"     shift, and go to state 8
    "e"       shift, and go to state 9
    "abs"     shift, and go to state 10
    "floor"   shift, and go to state 11
    "ceil"    shift, and go to state 12
    "asin"    shift, and go to state 13
    "acos"    shift, and go to state 14
    "atan"    shift, and go to state 15
    "sinh"    shift, and go to state 16
    "cosh"    shift, and go to state 17
    "tanh"    shift, and go to state 18
    "sech"    shift, and go to state 19
    "csch"    shift, and go to state 20
    "coth"    shift, and go to state 21
    "sin"     shift, and go to state 22
    "cos"     shift, and go to state 23
    "tan"     shift, and go to state 24
    "sec"     shift, and go to state 25
    "csc"     shift, and go to state 26
    "cot"     shift, and go to state 27
    "pi"      shift, and go to state 28
    "i"       shift, and go to state 29
    "z"       shift, and go to state 32
    "("       shift, and go to state 33
    "number"  shift, and go to state 34

    exp    go to state 96
    brexp  go to state 40


State 59

   43 exp: "tanh" "(" . exp ")"

    "+"       shift, and go to state 3
    "-"       shift, and go to state 4
    "sqrt"    shift, and go to state 5
    "root"    shift, and go to state 6
    "ln"      shift, and go to state 7
    "log"     shift, and go to state 8
    "e"       shift, and go to state 9
    "abs"     shift, and go to state 10
    "floor"   shift, and go to state 11
    "ceil"    shift, and go to state 12
    "asin"    shift, and go to state 13
    "acos"    shift, and go to state 14
    "atan"    shift, and go to state 15
    "sinh"    shift, and go to state 16
    "cosh"    shift, and go to state 17
    "tanh"    shift, and go to state 18
    "sech"    shift, and go to state 19
    "csch"    shift, and go to state 20
    "coth"    shift, and go to state 21
    "sin"     shift, and go to state 22
    "cos"     shift, and go to state 23
    "tan"     shift, and go to state 24
    "sec"     shift, and go to state 25
    "csc"     shift, and go to state 26
    "cot"     shift, and go to state 27
    "pi"      shift, and go to state 28
    "i"       shift, and go to state 29
    "z"       shift, and go to state 32
    "("       shift, and go to state 33
    "number"  shift, and go to state 34

    exp    go to state 97
    brexp  go to state 40


State 60

   44 exp: "sech" "(" . exp ")"

    "+"       shift, and go to state 3
    "-"       shift, and go to state 4
    "sqrt"    shift, and go to state 5
    "root"    shift, and go to state 6
    "ln"      shift, and go to state 7
    "log"     shift, and go to state 8
    "e"       shift, and go to state 9
    "abs"     shift, and go to state 10
    "floor"   shift, and go to state 11
    "ceil"    shift, and go to state 12
    "asin"    shift, and go to state 13
    "acos"    shift, and go to state 14
    "atan"    shift, and go to state 15
    "sinh"    shift, and go to state 16
    "cosh"    shift, and go to state 17
    "tanh"    shift, and go to state 18
    "sech"    shift, and go to state 19
    "csch"    shift, and go to state 20
    "coth"    shift, and go to state 21
    "sin"     shift, and go to state 22
    "cos"     shift, and go to state 23
    "tan"     shift, and go to state 24
    "sec"     shift, and go to state 25
    "csc"     shift, and go to state 26
    "cot"     shift, and go to state 27
    "pi"      shift, and go to state 28
    "i"       shift, and go to state 29
    "z"       shift, and go to state 32
    "("       shift, and go to state 33
    "number"  shift, and go to state 34

    exp    go to state 98
    brexp  go to state 40


State 61

   45 exp: "csch" "(" . exp ")"

    "+"       shift, and go to state 3
    "-"       shift, and go to state 4
    "sqrt"    shift, and go to state 5
    "root"    shift, and go to state 6
    "ln"      shift, and go to state 7
    "log"     shift, and go to state 8
    "e"       shift, and go to state 9
    "abs"     shift, and go to state 10
    "floor"   shift, and go to state 11
    "ceil"    shift, and go to state 12
    "asin"    shift, and go to state 13
    "acos"    shift, and go to state 14
    "atan"    shift, and go to state 15
    "sinh"    shift, and go to state 16
    "cosh"    shift, and go to state 17
    "tanh"    shift, and go to state 18
    "sech"    shift, and go to state 19
    "csch"    shift, and go to state 20
    "coth"    shift, and go to state 21
    "sin"     shift, and go to state 22
    "cos"     shift, and go to state 23
    "tan"     shift, and go to state 24
    "sec"     shift, and go to state 25
    "csc"     shift, and go to state 26
    "cot"     shift, and go to state 27
    "pi"      shift, and go to state 28
    "i"       shift, and go to state 29
    "z"       shift, and go to state 32
    "("       shift, and go to state 33
    "number"  shift, and go to state 34

    exp    go to state 99
    brexp  go to state 40


State 62

   46 exp: "coth" "(" . exp ")"

    "+"       shift, and go to state 3
    "-"       shift, and go to state 4
    "sqrt"    shift, and go to state 5
    "root"    shift, and go to state 6
    "ln"      shift, and go to state 7
    "log"     shift, and go to state 8
    "e"       shift, and go to state 9
    "abs"     shift, and go to state 10
    "floor"   shift, and go to state 11
    "ceil"    shift, and go to state 12
    "asin"    shift, and go to state 13
    "acos"    shift, and go to state 14
    "atan"    shift, and go to state 15
    "sinh"    shift, and go to state 16
    "cosh"    shift, and go to state 17
    "tanh"    shift, and go to state 18
    "sech"    shift, and go to state 19
    "csch"    shift, and go to state 20
    "coth"    shift, and go to state 21
    "sin"     shift, and go to state 22
    "cos"     shift, and go to state 23
    "tan"     shift, and go to state 24
    "sec"     shift, and go to state 25
    "csc"     shift, and go to state 26
    "cot"     shift, and go to state 27
    "pi"      shift, and go to state 28
    "i"       shift, and go to state 29
    "z"       shift, and go to state 32
    "("       shift, and go to state 33
    "number"  shift, and go to state 34

    exp    go to state 100
    brexp  go to state 40


State 63

   47 exp: "sin" "(" . exp ")"

    "+"       shift, and go to state 3
    "-"       shift, and go to state 4
    "sqrt"    shift, and go to state 5
    "root"    shift, and go to state 6
    "ln"      shift, and go to state 7
    "log"     shift, and go to state 8
    "e"       shift, and go to state 9
    "abs"     shift, and go to state 10
    "floor"   shift, and go to state 11
    "ceil"    shift, and go to state 12
    "asin"    shift, and go to state 13
    "acos"    shift, and go to state 14
    "atan"    shift, and go to state 15
    "sinh"    shift, and go to state 16
    "cosh"    shift, and go to state 17
    "tanh"    shift, and go to state 18
    "sech"    shift, and go to state 19
    "csch"    shift, and go to state 20
    "coth"    shift, and go to state 21
    "sin"     shift, and go to state 22
    "cos"     shift, and go to state 23
    "tan"     shift, and go to state 24
    "sec"     shift, and go to state 25
    "csc"     shift, and go to state 26
    "cot"     shift, and go to state 27
    "pi"      shift, and go to state 28
    "i"       shift, and go to state 29
    "z"       shift, and go to state 32
    "("       shift, and go to state 33
    "number"  shift, and go to state 34

    exp    go to state 101
    brexp  go to state 40


State 64

   48 exp: "cos" "(" . exp ")"

    "+"       shift, and go to state 3
    "-"       shift, and go to state 4
    "sqrt"    shift, and go to state 5
    "root"    shift, and go to state 6
    "ln"      shift, and go to state 7
    "log"     shift, and go to state 8
    "e"       shift, and go to state 9
    "abs"     shift, and go to state 10
    "floor"   shift, and go to state 11
    "ceil"    shift, and go to state 12
    "asin"    shift, and go to state 13
    "acos"    shift, and go to state 14
    "atan"    shift, and go to state 15
    "sinh"    shift, and go to state 16
    "cosh"    shift, and go to state 17
    "tanh"    shift, and go to state 18
    "sech"    shift, and go to state 19
    "csch"    shift, and go to state 20
    "coth"    shift, and go to state 21
    "sin"     shift, and go to state 22
    "cos"     shift, and go to state 23
    "tan"     shift, and go to state 24
    "sec"     shift, and go to state 25
    "csc"     shift, and go to state 26
    "cot"     shift, and go to state 27
    "pi"      shift, and go to state 28
    "i"       shift, and go to state 29
    "z"       shift, and go to state 32
    "("       shift, and go to state 33
    "number"  shift, and go to state 34

    exp    go to state 102
    brexp  go to state 40


State 65

   49 exp: "tan" "(" . exp ")"

    "+"       shift, and go to state 3
    "-"       shift, and go to state 4
    "sqrt"    shift, and go to state 5
    "root"    shift, and go to state 6
    "ln"      shift, and go to state 7
    "log"     shift, and go to state 8
    "e"       shift, and go to state 9
    "abs"     shift, and go to state 10
    "floor"   shift, and go to state 11
    "ceil"    shift, and go to state 12
    "asin"    shift, and go to state 13
    "acos"    shift, and go to state 14
    "atan"    shift, and go to state 15
    "sinh"    shift, and go to state 16
    "cosh"    shift, and go to state 17
    "tanh"    shift, and go to state 18
    "sech"    shift, and go to state 19
    "csch"    shift, and go to state 20
    "coth"    shift, and go to state 21
    "sin"     shift, and go to state 22
    "cos"     shift, and go to state 23
    "tan"     shift, and go to state 24
    "sec"     shift, and go to state 25
    "csc"     shift, and go to state 26
    "cot"     shift, and go to state 27
    "pi"      shift, and go to state 28
    "i"       shift, and go to state 29
    "z"       shift, and go to state 32
    "("       shift, and go to state 33
    "number"  shift, and go to state 34

    exp    go to state 103
    brexp  go to state 40


State 66

   50 exp: "sec" "(" . exp ")"

    "+"       shift, and go to state 3
    "-"       shift, and go to state 4
    "sqrt"    shift, and go to state 5
    "root"    shift, and go to state 6
    "ln"      shift, and go to state 7
    "log"     shift, and go to state 8
    "e"       shift, and go to state 9
    "abs"     shift, and go to state 10
    "floor"   shift, and go to state 11
    "ceil"    shift, and go to state 12
    "asin"    shift, and go to state 13
    "acos"    shift, and go to state 14
    "atan"    shift, and go to state 15
    "sinh"    shift, and go to state 16
    "cosh"    shift, and go to state 17
    "tanh"    shift, and go to state 18
    "sech"    shift, and go to state 19
    "csch"    shift, and go to state 20
    "coth"    shift, and go to state 21
    "sin"     shift, and go to state 22
    "cos"     shift, and go to state 23
    "tan"     shift, and go to state 24
    "sec"     shift, and go to state 25
    "csc"     shift, and go to state 26
    "cot"     shift, and go to state 27
    "pi"      shift, and go to state 28
    "i"       shift, and go to state 29
    "z"       shift, and go to state 32
    "("       shift, and go to state 33
    "number"  shift, and go to state 34

    exp    go to state 104
    brexp  go to state 40


State 67

   51 exp: "csc" "(" . exp ")"

    "+"       shift, and go to state 3
    "-"       shift, and go to state 4
    "sqrt"    shift, and go to state 5
    "root"    shift, and go to state 6
    "ln"      shift, and go to state 7
    "log"     shift, and go to state 8
    "e"       shift, and go to state 9
    "abs"     shift, and go to state 10
    "floor"   shift, and go to state 11
    "ceil"    shift, and go to state 12
    "asin"    shift, and go to state 13
    "acos"    shift, and go to state 14
    "atan"    shift, and go to state 15
    "sinh"    shift, and go to state 16
    "cosh"    shift, and go to state 17
    "tanh"    shift, and go to state 18
    "sech"    shift, and go to state 19
    "csch"    shift, and go to state 20
    "coth"    shift, and go to state 21
    "sin"     shift, and go to state 22
    "cos"     shift, and go to state 23
    "tan"     shift, and go to state 24
    "sec"     shift, and go to state 25
    "csc"     shift, and go to state 26
    "cot"     shift, and go to state 27
    "pi"      shift, and go to state 28
    "i"       shift, and go to state 29
    "z"       shift, and go to state 32
    "("       shift, and go to state 33
    "number"  shift, and go to state 34

    exp    go to state 105
    brexp  go to state 40


State 68

   52 exp: "cot" "(" . exp ")"

    "+"       shift, and go to state 3
    "-"       shift, and go to state 4
    "sqrt"    shift, and go to state 5
    "root"    shift, and go to state 6
    "ln"      shift, and go to state 7
    "log"     shift, and go to state 8
    "e"       shift, and go to state 9
    "abs"     shift, and go to state 10
    "floor"   shift, and go to state 11
    "ceil"    shift, and go to state 12
    "asin"    shift, and go to state 13
    "acos"    shift, and go to state 14
    "atan"    shift, and go to state 15
    "sinh"    shift, and go to state 16
    "cosh"    shift, and go to state 17
    "tanh"    shift, and go to state 18
    "sech"    shift, and go to state 19
    "csch"    shift, and go to state 20
    "coth"    shift, and go to state 21
    "sin"     shift, and go to state 22
    "cos"     shift, and go to state 23
    "tan"     shift, and go to state 24
    "sec"     shift, and go to state 25
    "csc"     shift, and go to state 26
    "cot"     shift, and go to state 27
    "pi"      shift, and go to state 28
    "i"       shift, and go to state 29
    "z"       shift, and go to state 32
    "("       shift, and go to state 33
    "number"  shift, and go to state 34

    exp    go to state 106
    brexp  go to state 40


State 69

   24 exp: exp . "+" exp
   25    | exp . "-" exp
   26    | exp . "*" exp
   27    | exp . "/" exp
   28    | exp . "^" exp
   53 brexp: "(" exp . ")"
   54      | "(" exp . ")" brexp

    "+"  shift, and go to state 79
    "-"  shift, and go to state 80
    "*"  shift, and go to state 81
    "/"  shift, and go to state 82
    "^"  shift, and go to state 83
    ")"  shift, and go to state 107


State 70

    0 $accept: input "end-of-file" .

    $default  accept


State 71

    3 input: input line .

    $default  reduce using rule 3 (input)


State 72

    4 line: eqtn eol .

    $default  reduce using rule 4 (line)


State 73

   10 mid: "=" .

    $default  reduce using rule 10 (mid)


State 74

   11 mid: "<" .

    $default  reduce using rule 11 (mid)


State 75

   12 mid: ">" .

    $default  reduce using rule 12 (mid)


State 76

   13 mid: "<=" .

    $default  reduce using rule 13 (mid)


State 77

   14 mid: ">=" .

    $default  reduce using rule 14 (mid)


State 78

    7 eqtn: linestart mid . allexp

    "+"       shift, and go to state 3
    "-"       shift, and go to state 4
    "sqrt"    shift, and go to state 5
    "root"    shift, and go to state 6
    "ln"      shift, and go to state 7
    "log"     shift, and go to state 8
    "e"       shift, and go to state 9
    "abs"     shift, and go to state 10
    "floor"   shift, and go to state 11
    "ceil"    shift, and go to state 12
    "asin"    shift, and go to state 13
    "acos"    shift, and go to state 14
    "atan"    shift, and go to state 15
    "sinh"    shift, and go to state 16
    "cosh"    shift, and go to state 17
    "tanh"    shift, and go to state 18
    "sech"    shift, and go to state 19
    "csch"    shift, and go to state 20
    "coth"    shift, and go to state 21
    "sin"     shift, and go to state 22
    "cos"     shift, and go to state 23
    "tan"     shift, and go to state 24
    "sec"     shift, and go to state 25
    "csc"     shift, and go to state 26
    "cot"     shift, and go to state 27
    "pi"      shift, and go to state 28
    "i"       shift, and go to state 29
    "z"       shift, and go to state 32
    "("       shift, and go to state 33
    "number"  shift, and go to state 34

    allexp  go to state 108
    exp     go to state 109
    brexp   go to state 40


State 79

   24 exp: exp "+" . exp

    "+"       shift, and go to state 3
    "-"       shift, and go to state 4
    "sqrt"    shift, and go to state 5
    "root"    shift, and go to state 6
    "ln"      shift, and go to state 7
    "log"     shift, and go to state 8
    "e"       shift, and go to state 9
    "abs"     shift, and go to state 10
    "floor"   shift, and go to state 11
    "ceil"    shift, and go to state 12
    "asin"    shift, and go to state 13
    "acos"    shift, and go to state 14
    "atan"    shift, and go to state 15
    "sinh"    shift, and go to state 16
    "cosh"    shift, and go to state 17
    "tanh"    shift, and go to state 18
    "sech"    shift, and go to state 19
    "csch"    shift, and go to state 20
    "coth"    shift, and go to state 21
    "sin"     shift, and go to state 22
    "cos"     shift, and go to state 23
    "tan"     shift, and go to state 24
    "sec"     shift, and go to state 25
    "csc"     shift, and go to state 26
    "cot"     shift, and go to state 27
    "pi"      shift, and go to state 28
    "i"       shift, and go to state 29
    "z"       shift, and go to state 32
    "("       shift, and go to state 33
    "number"  shift, and go to state 34

    exp    go to state 110
    brexp  go to state 40


State 80

   25 exp: exp "-" . exp

    "+"       shift, and go to state 3
    "-"       shift, and go to state 4
    "sqrt"    shift, and go to state 5
    "root"    shift, and go to state 6
    "ln"      shift, and go to state 7
    "log"     shift, and go to state 8
    "e"       shift, and go to state 9
    "abs"     shift, and go to state 10
    "floor"   shift, and go to state 11
    "ceil"    shift, and go to state 12
    "asin"    shift, and go to state 13
    "acos"    shift, and go to state 14
    "atan"    shift, and go to state 15
    "sinh"    shift, and go to state 16
    "cosh"    shift, and go to state 17
    "tanh"    shift, and go to state 18
    "sech"    shift, and go to state 19
    "csch"    shift, and go to state 20
    "coth"    shift, and go to state 21
    "sin"     shift, and go to state 22
    "cos"     shift, and go to state 23
    "tan"     shift, and go to state 24
    "sec"     shift, and go to state 25
    "csc"     shift, and go to state 26
    "cot"     shift, and go to state 27
    "pi"      shift, and go to state 28
    "i"       shift, and go to state 29
    "z"       shift, and go to state 32
    "("       shift, and go to state 33
    "number"  shift, and go to state 34

    exp    go to state 111
    brexp  go to state 40


State 81

   26 exp: exp "*" . exp

    "+"       shift, and go to state 3
    "-"       shift, and go to state 4
    "sqrt"    shift, and go to state 5
    "root"    shift, and go to state 6
    "ln"      shift, and go to state 7
    "log"     shift, and go to state 8
    "e"       shift, and go to state 9
    "abs"     shift, and go to state 10
    "floor"   shift, and go to state 11
    "ceil"    shift, and go to state 12
    "asin"    shift, and go to state 13
    "acos"    shift, and go to state 14
    "atan"    shift, and go to state 15
    "sinh"    shift, and go to state 16
    "cosh"    shift, and go to state 17
    "tanh"    shift, and go to state 18
    "sech"    shift, and go to state 19
    "csch"    shift, and go to state 20
    "coth"    shift, and go to state 21
    "sin"     shift, and go to state 22
    "cos"     shift, and go to state 23
    "tan"     shift, and go to state 24
    "sec"     shift, and go to state 25
    "csc"     shift, and go to state 26
    "cot"     shift, and go to state 27
    "pi"      shift, and go to state 28
    "i"       shift, and go to state 29
    "z"       shift, and go to state 32
    "("       shift, and go to state 33
    "number"  shift, and go to state 34

    exp    go to state 112
    brexp  go to state 40


State 82

   27 exp: exp "/" . exp

    "+"       shift, and go to state 3
    "-"       shift, and go to state 4
    "sqrt"    shift, and go to state 5
    "root"    shift, and go to state 6
    "ln"      shift, and go to state 7
    "log"     shift, and go to state 8
    "e"       shift, and go to state 9
    "abs"     shift, and go to state 10
    "floor"   shift, and go to state 11
    "ceil"    shift, and go to state 12
    "asin"    shift, and go to state 13
    "acos"    shift, and go to state 14
    "atan"    shift, and go to state 15
    "sinh"    shift, and go to state 16
    "cosh"    shift, and go to state 17
    "tanh"    shift, and go to state 18
    "sech"    shift, and go to state 19
    "csch"    shift, and go to state 20
    "coth"    shift, and go to state 21
    "sin"     shift, and go to state 22
    "cos"     shift, and go to state 23
    "tan"     shift, and go to state 24
    "sec"     shift, and go to state 25
    "csc"     shift, and go to state 26
    "cot"     shift, and go to state 27
    "pi"      shift, and go to state 28
    "i"       shift, and go to state 29
    "z"       shift, and go to state 32
    "("       shift, and go to state 33
    "number"  shift, and go to state 34

    exp    go to state 113
    brexp  go to state 40


State 83

   28 exp: exp "^" . exp

    "+"       shift, and go to state 3
    "-"       shift, and go to state 4
    "sqrt"    shift, and go to state 5
    "root"    shift, and go to state 6
    "ln"      shift, and go to state 7
    "log"     shift, and go to state 8
    "e"       shift, and go to state 9
    "abs"     shift, and go to state 10
    "floor"   shift, and go to state 11
    "ceil"    shift, and go to state 12
    "asin"    shift, and go to state 13
    "acos"    shift, and go to state 14
    "atan"    shift, and go to state 15
    "sinh"    shift, and go to state 16
    "cosh"    shift, and go to state 17
    "tanh"    shift, and go to state 18
    "sech"    shift, and go to state 19
    "csch"    shift, and go to state 20
    "coth"    shift, and go to state 21
    "sin"     shift, and go to state 22
    "cos"     shift, and go to state 23
    "tan"     shift, and go to state 24
    "sec"     shift, and go to state 25
    "csc"     shift, and go to state 26
    "cot"     shift, and go to state 27
    "pi"      shift, and go to state 28
    "i"       shift, and go to state 29
    "z"       shift, and go to state 32
    "("       shift, and go to state 33
    "number"  shift, and go to state 34

    exp    go to state 114
    brexp  go to state 40


State 84

    5 line: "//" eqtn eol .

    $default  reduce using rule 5 (line)


State 85

   24 exp: exp . "+" exp
   25    | exp . "-" exp
   26    | exp . "*" exp
   27    | exp . "/" exp
   28    | exp . "^" exp
   31    | "sqrt" "(" exp . ")"

    "+"  shift, and go to state 79
    "-"  shift, and go to state 80
    "*"  shift, and go to state 81
    "/"  shift, and go to state 82
    "^"  shift, and go to state 83
    ")"  shift, and go to state 115


State 86

   24 exp: exp . "+" exp
   25    | exp . "-" exp
   26    | exp . "*" exp
   27    | exp . "/" exp
   28    | exp . "^" exp
   32    | "root" "(" exp . "," exp ")"

    "+"  shift, and go to state 79
    "-"  shift, and go to state 80
    "*"  shift, and go to state 81
    "/"  shift, and go to state 82
    "^"  shift, and go to state 83
    ","  shift, and go to state 116


State 87

   24 exp: exp . "+" exp
   25    | exp . "-" exp
   26    | exp . "*" exp
   27    | exp . "/" exp
   28    | exp . "^" exp
   33    | "ln" "(" exp . ")"

    "+"  shift, and go to state 79
    "-"  shift, and go to state 80
    "*"  shift, and go to state 81
    "/"  shift, and go to state 82
    "^"  shift, and go to state 83
    ")"  shift, and go to state 117


State 88

   34 exp: "log" "_" "(" . exp ")" "(" exp ")"

    "+"       shift, and go to state 3
    "-"       shift, and go to state 4
    "sqrt"    shift, and go to state 5
    "root"    shift, and go to state 6
    "ln"      shift, and go to state 7
    "log"     shift, and go to state 8
    "e"       shift, and go to state 9
    "abs"     shift, and go to state 10
    "floor"   shift, and go to state 11
    "ceil"    shift, and go to state 12
    "asin"    shift, and go to state 13
    "acos"    shift, and go to state 14
    "atan"    shift, and go to state 15
    "sinh"    shift, and go to state 16
    "cosh"    shift, and go to state 17
    "tanh"    shift, and go to state 18
    "sech"    shift, and go to state 19
    "csch"    shift, and go to state 20
    "coth"    shift, and go to state 21
    "sin"     shift, and go to state 22
    "cos"     shift, and go to state 23
    "tan"     shift, and go to state 24
    "sec"     shift, and go to state 25
    "csc"     shift, and go to state 26
    "cot"     shift, and go to state 27
    "pi"      shift, and go to state 28
    "i"       shift, and go to state 29
    "z"       shift, and go to state 32
    "("       shift, and go to state 33
    "number"  shift, and go to state 34

    exp    go to state 118
    brexp  go to state 40


State 89

   24 exp: exp . "+" exp
   25    | exp . "-" exp
   26    | exp . "*" exp
   27    | exp . "/" exp
   28    | exp . "^" exp
   35    | "abs" "(" exp . ")"

    "+"  shift, and go to state 79
    "-"  shift, and go to state 80
    "*"  shift, and go to state 81
    "/"  shift, and go to state 82
    "^"  shift, and go to state 83
    ")"  shift, and go to state 119


State 90

   24 exp: exp . "+" exp
   25    | exp . "-" exp
   26    | exp . "*" exp
   27    | exp . "/" exp
   28    | exp . "^" exp
   36    | "floor" "(" exp . ")"

    "+"  shift, and go to state 79
    "-"  shift, and go to state 80
    "*"  shift, and go to state 81
    "/"  shift, and go to state 82
    "^"  shift, and go to state 83
    ")"  shift, and go to state 120


State 91

   24 exp: exp . "+" exp
   25    | exp . "-" exp
   26    | exp . "*" exp
   27    | exp . "/" exp
   28    | exp . "^" exp
   37    | "ceil" "(" exp . ")"

    "+"  shift, and go to state 79
    "-"  shift, and go to state 80
    "*"  shift, and go to state 81
    "/"  shift, and go to state 82
    "^"  shift, and go to state 83
    ")"  shift, and go to state 121


State 92

   24 exp: exp . "+" exp
   25    | exp . "-" exp
   26    | exp . "*" exp
   27    | exp . "/" exp
   28    | exp . "^" exp
   38    | "asin" "(" exp . ")"

    "+"  shift, and go to state 79
    "-"  shift, and go to state 80
    "*"  shift, and go to state 81
    "/"  shift, and go to state 82
    "^"  shift, and go to state 83
    ")"  shift, and go to state 122


State 93

   24 exp: exp . "+" exp
   25    | exp . "-" exp
   26    | exp . "*" exp
   27    | exp . "/" exp
   28    | exp . "^" exp
   39    | "acos" "(" exp . ")"

    "+"  shift, and go to state 79
    "-"  shift, and go to state 80
    "*"  shift, and go to state 81
    "/"  shift, and go to state 82
    "^"  shift, and go to state 83
    ")"  shift, and go to state 123


State 94

   24 exp: exp . "+" exp
   25    | exp . "-" exp
   26    | exp . "*" exp
   27    | exp . "/" exp
   28    | exp . "^" exp
   40    | "atan" "(" exp . ")"

    "+"  shift, and go to state 79
    "-"  shift, and go to state 80
    "*"  shift, and go to state 81
    "/"  shift, and go to state 82
    "^"  shift, and go to state 83
    ")"  shift, and go to state 124


State 95

   24 exp: exp . "+" exp
   25    | exp . "-" exp
   26    | exp . "*" exp
   27    | exp . "/" exp
   28    | exp . "^" exp
   41    | "sinh" "(" exp . ")"

    "+"  shift, and go to state 79
    "-"  shift, and go to state 80
    "*"  shift, and go to state 81
    "/"  shift, and go to state 82
    "^"  shift, and go to state 83
    ")"  shift, and go to state 125


State 96

   24 exp: exp . "+" exp
   25    | exp . "-" exp
   26    | exp . "*" exp
   27    | exp . "/" exp
   28    | exp . "^" exp
   42    | "cosh" "(" exp . ")"

    "+"  shift, and go to state 79
    "-"  shift, and go to state 80
    "*"  shift, and go to state 81
    "/"  shift, and go to state 82
    "^"  shift, and go to state 83
    ")"  shift, and go to state 126


State 97

   24 exp: exp . "+" exp
   25    | exp . "-" exp
   26    | exp . "*" exp
   27    | exp . "/" exp
   28    | exp . "^" exp
   43    | "tanh" "(" exp . ")"

    "+"  shift, and go to state 79
    "-"  shift, and go to state 80
    "*"  shift, and go to state 81
    "/"  shift, and go to state 82
    "^"  shift, and go to state 83
    ")"  shift, and go to state 127


State 98

   24 exp: exp . "+" exp
   25    | exp . "-" exp
   26    | exp . "*" exp
   27    | exp . "/" exp
   28    | exp . "^" exp
   44    | "sech" "(" exp . ")"

    "+"  shift, and go to state 79
    "-"  shift, and go to state 80
    "*"  shift, and go to state 81
    "/"  shift, and go to state 82
    "^"  shift, and go to state 83
    ")"  shift, and go to state 128


State 99

   24 exp: exp . "+" exp
   25    | exp . "-" exp
   26    | exp . "*" exp
   27    | exp . "/" exp
   28    | exp . "^" exp
   45    | "csch" "(" exp . ")"

    "+"  shift, and go to state 79
    "-"  shift, and go to state 80
    "*"  shift, and go to state 81
    "/"  shift, and go to state 82
    "^"  shift, and go to state 83
    ")"  shift, and go to state 129


State 100

   24 exp: exp . "+" exp
   25    | exp . "-" exp
   26    | exp . "*" exp
   27    | exp . "/" exp
   28    | exp . "^" exp
   46    | "coth" "(" exp . ")"

    "+"  shift, and go to state 79
    "-"  shift, and go to state 80
    "*"  shift, and go to state 81
    "/"  shift, and go to state 82
    "^"  shift, and go to state 83
    ")"  shift, and go to state 130


State 101

   24 exp: exp . "+" exp
   25    | exp . "-" exp
   26    | exp . "*" exp
   27    | exp . "/" exp
   28    | exp . "^" exp
   47    | "sin" "(" exp . ")"

    "+"  shift, and go to state 79
    "-"  shift, and go to state 80
    "*"  shift, and go to state 81
    "/"  shift, and go to state 82
    "^"  shift, and go to state 83
    ")"  shift, and go to state 131


State 102

   24 exp: exp . "+" exp
   25    | exp . "-" exp
   26    | exp . "*" exp
   27    | exp . "/" exp
   28    | exp . "^" exp
   48    | "cos" "(" exp . ")"

    "+"  shift, and go to state 79
    "-"  shift, and go to state 80
    "*"  shift, and go to state 81
    "/"  shift, and go to state 82
    "^"  shift, and go to state 83
    ")"  shift, and go to state 132


State 103

   24 exp: exp . "+" exp
   25    | exp . "-" exp
   26    | exp . "*" exp
   27    | exp . "/" exp
   28    | exp . "^" exp
   49    | "tan" "(" exp . ")"

    "+"  shift, and go to state 79
    "-"  shift, and go to state 80
    "*"  shift, and go to state 81
    "/"  shift, and go to state 82
    "^"  shift, and go to state 83
    ")"  shift, and go to state 133


State 104

   24 exp: exp . "+" exp
   25    | exp . "-" exp
   26    | exp . "*" exp
   27    | exp . "/" exp
   28    | exp . "^" exp
   50    | "sec" "(" exp . ")"

    "+"  shift, and go to state 79
    "-"  shift, and go to state 80
    "*"  shift, and go to state 81
    "/"  shift, and go to state 82
    "^"  shift, and go to state 83
    ")"  shift, and go to state 134


State 105

   24 exp: exp . "+" exp
   25    | exp . "-" exp
   26    | exp . "*" exp
   27    | exp . "/" exp
   28    | exp . "^" exp
   51    | "csc" "(" exp . ")"

    "+"  shift, and go to state 79
    "-"  shift, and go to state 80
    "*"  shift, and go to state 81
    "/"  shift, and go to state 82
    "^"  shift, and go to state 83
    ")"  shift, and go to state 135


State 106

   24 exp: exp . "+" exp
   25    | exp . "-" exp
   26    | exp . "*" exp
   27    | exp . "/" exp
   28    | exp . "^" exp
   52    | "cot" "(" exp . ")"

    "+"  shift, and go to state 79
    "-"  shift, and go to state 80
    "*"  shift, and go to state 81
    "/"  shift, and go to state 82
    "^"  shift, and go to state 83
    ")"  shift, and go to state 136


State 107

   53 brexp: "(" exp ")" .
   54      | "(" exp ")" . brexp

    "("  shift, and go to state 33

    $default  reduce using rule 53 (brexp)

    brexp  go to state 137


State 108

    7 eqtn: linestart mid allexp .

    $default  reduce using rule 7 (eqtn)


State 109

   17 allexp: exp .
   24 exp: exp . "+" exp
   25    | exp . "-" exp
   26    | exp . "*" exp
   27    | exp . "/" exp
   28    | exp . "^" exp

    "+"  shift, and go to state 79
    "-"  shift, and go to state 80
    "*"  shift, and go to state 81
    "/"  shift, and go to state 82
    "^"  shift, and go to state 83

    $default  reduce using rule 17 (allexp)


State 110

   24 exp: exp . "+" exp
   24    | exp "+" exp .
   25    | exp . "-" exp
   26    | exp . "*" exp
   27    | exp . "/" exp
   28    | exp . "^" exp

    "*"  shift, and go to state 81
    "/"  shift, and go to state 82
    "^"  shift, and go to state 83

    $default  reduce using rule 24 (exp)


State 111

   24 exp: exp . "+" exp
   25    | exp . "-" exp
   25    | exp "-" exp .
   26    | exp . "*" exp
   27    | exp . "/" exp
   28    | exp . "^" exp

    "*"  shift, and go to state 81
    "/"  shift, and go to state 82
    "^"  shift, and go to state 83

    $default  reduce using rule 25 (exp)


State 112

   24 exp: exp . "+" exp
   25    | exp . "-" exp
   26    | exp . "*" exp
   26    | exp "*" exp .
   27    | exp . "/" exp
   28    | exp . "^" exp

    "^"  shift, and go to state 83

    $default  reduce using rule 26 (exp)


State 113

   24 exp: exp . "+" exp
   25    | exp . "-" exp
   26    | exp . "*" exp
   27    | exp . "/" exp
   27    | exp "/" exp .
   28    | exp . "^" exp

    "^"  shift, and go to state 83

    $default  reduce using rule 27 (exp)


State 114

   24 exp: exp . "+" exp
   25    | exp . "-" exp
   26    | exp . "*" exp
   27    | exp . "/" exp
   28    | exp . "^" exp
   28    | exp "^" exp .

    "^"  shift, and go to state 83

    $default  reduce using rule 28 (exp)


State 115

   31 exp: "sqrt" "(" exp ")" .

    $default  reduce using rule 31 (exp)


State 116

   32 exp: "root" "(" exp "," . exp ")"

    "+"       shift, and go to state 3
    "-"       shift, and go to state 4
    "sqrt"    shift, and go to state 5
    "root"    shift, and go to state 6
    "ln"      shift, and go to state 7
    "log"     shift, and go to state 8
    "e"       shift, and go to state 9
    "abs"     shift, and go to state 10
    "floor"   shift, and go to state 11
    "ceil"    shift, and go to state 12
    "asin"    shift, and go to state 13
    "acos"    shift, and go to state 14
    "atan"    shift, and go to state 15
    "sinh"    shift, and go to state 16
    "cosh"    shift, and go to state 17
    "tanh"    shift, and go to state 18
    "sech"    shift, and go to state 19
    "csch"    shift, and go to state 20
    "coth"    shift, and go to state 21
    "sin"     shift, and go to state 22
    "cos"     shift, and go to state 23
    "tan"     shift, and go to state 24
    "sec"     shift, and go to state 25
    "csc"     shift, and go to state 26
    "cot"     shift, and go to state 27
    "pi"      shift, and go to state 28
    "i"       shift, and go to state 29
    "z"       shift, and go to state 32
    "("       shift, and go to state 33
    "number"  shift, and go to state 34

    exp    go to state 138
    brexp  go to state 40


State 117

   33 exp: "ln" "(" exp ")" .

    $default  reduce using rule 33 (exp)


State 118

   24 exp: exp . "+" exp
   25    | exp . "-" exp
   26    | exp . "*" exp
   27    | exp . "/" exp
   28    | exp . "^" exp
   34    | "log" "_" "(" exp . ")" "(" exp ")"

    "+"  shift, and go to state 79
    "-"  shift, and go to state 80
    "*"  shift, and go to state 81
    "/"  shift, and go to state 82
    "^"  shift, and go to state 83
    ")"  shift, and go to state 139


State 119

   35 exp: "abs" "(" exp ")" .

    $default  reduce using rule 35 (exp)


State 120

   36 exp: "floor" "(" exp ")" .

    $default  reduce using rule 36 (exp)


State 121

   37 exp: "ceil" "(" exp ")" .

    $default  reduce using rule 37 (exp)


State 122

   38 exp: "asin" "(" exp ")" .

    $default  reduce using rule 38 (exp)


State 123

   39 exp: "acos" "(" exp ")" .

    $default  reduce using rule 39 (exp)


State 124

   40 exp: "atan" "(" exp ")" .

    $default  reduce using rule 40 (exp)


State 125

   41 exp: "sinh" "(" exp ")" .

    $default  reduce using rule 41 (exp)


State 126

   42 exp: "cosh" "(" exp ")" .

    $default  reduce using rule 42 (exp)


State 127

   43 exp: "tanh" "(" exp ")" .

    $default  reduce using rule 43 (exp)


State 128

   44 exp: "sech" "(" exp ")" .

    $default  reduce using rule 44 (exp)


State 129

   45 exp: "csch" "(" exp ")" .

    $default  reduce using rule 45 (exp)


State 130

   46 exp: "coth" "(" exp ")" .

    $default  reduce using rule 46 (exp)


State 131

   47 exp: "sin" "(" exp ")" .

    $default  reduce using rule 47 (exp)


State 132

   48 exp: "cos" "(" exp ")" .

    $default  reduce using rule 48 (exp)


State 133

   49 exp: "tan" "(" exp ")" .

    $default  reduce using rule 49 (exp)


State 134

   50 exp: "sec" "(" exp ")" .

    $default  reduce using rule 50 (exp)


State 135

   51 exp: "csc" "(" exp ")" .

    $default  reduce using rule 51 (exp)


State 136

   52 exp: "cot" "(" exp ")" .

    $default  reduce using rule 52 (exp)


State 137

   54 brexp: "(" exp ")" brexp .

    $default  reduce using rule 54 (brexp)


State 138

   24 exp: exp . "+" exp
   25    | exp . "-" exp
   26    | exp . "*" exp
   27    | exp . "/" exp
   28    | exp . "^" exp
   32    | "root" "(" exp "," exp . ")"

    "+"  shift, and go to state 79
    "-"  shift, and go to state 80
    "*"  shift, and go to state 81
    "/"  shift, and go to state 82
    "^"  shift, and go to state 83
    ")"  shift, and go to state 140


State 139

   34 exp: "log" "_" "(" exp ")" . "(" exp ")"

    "("  shift, and go to state 141


State 140

   32 exp: "root" "(" exp "," exp ")" .

    $default  reduce using rule 32 (exp)


State 141

   34 exp: "log" "_" "(" exp ")" "(" . exp ")"

    "+"       shift, and go to state 3
    "-"       shift, and go to state 4
    "sqrt"    shift, and go to state 5
    "root"    shift, and go to state 6
    "ln"      shift, and go to state 7
    "log"     shift, and go to state 8
    "e"       shift, and go to state 9
    "abs"     shift, and go to state 10
    "floor"   shift, and go to state 11
    "ceil"    shift, and go to state 12
    "asin"    shift, and go to state 13
    "acos"    shift, and go to state 14
    "atan"    shift, and go to state 15
    "sinh"    shift, and go to state 16
    "cosh"    shift, and go to state 17
    "tanh"    shift, and go to state 18
    "sech"    shift, and go to state 19
    "csch"    shift, and go to state 20
    "coth"    shift, and go to state 21
    "sin"     shift, and go to state 22
    "cos"     shift, and go to state 23
    "tan"     shift, and go to state 24
    "sec"     shift, and go to state 25
    "csc"     shift, and go to state 26
    "cot"     shift, and go to state 27
    "pi"      shift, and go to state 28
    "i"       shift, and go to state 29
    "z"       shift, and go to state 32
    "("       shift, and go to state 33
    "number"  shift, and go to state 34

    exp    go to state 142
    brexp  go to state 40


State 142

   24 exp: exp . "+" exp
   25    | exp . "-" exp
   26    | exp . "*" exp
   27    | exp . "/" exp
   28    | exp . "^" exp
   34    | "log" "_" "(" exp ")" "(" exp . ")"

    "+"  shift, and go to state 79
    "-"  shift, and go to state 80
    "*"  shift, and go to state 81
    "/"  shift, and go to state 82
    "^"  shift, and go to state 83
    ")"  shift, and go to state 143


State 143

   34 exp: "log" "_" "(" exp ")" "(" exp ")" .

    $default  reduce using rule 34 (exp)
